<?xml version="1.0" encoding="UTF-8"?>
<!-- Generated by org.testng.reporters.JUnitReportReporter -->
<testsuite hostname="INBENKARSELVAN1" failures="0" tests="2" name="extentReporting.reports.ExtentReportTemp" time="5.925" errors="0" timestamp="2022-06-01T10:13:34 IST" skipped="0">
  <testcase classname="extentReporting.reports.ExtentReportTemp" name="initialDemo2" time="2.730"/>
  <system-out/>
  <testcase classname="extentReporting.reports.ExtentReportTemp" name="initialDemo" time="3.195"/>
  <system-out/>
</testsuite> <!-- extentReporting.reports.ExtentReportTemp -->
