<?xml version="1.0" encoding="UTF-8"?>
<!-- Generated by org.testng.reporters.JUnitReportReporter -->
<testsuite hostname="INBENKARSELVAN1" failures="0" tests="1" name="extentReporting.reports.ExtentReportTemp3" time="5.450" errors="0" timestamp="2022-06-02T09:00:28 IST" skipped="0">
  <testcase classname="extentReporting.reports.ExtentReportTemp3" name="initialDemo_3" time="5.450"/>
  <system-out/>
</testsuite> <!-- extentReporting.reports.ExtentReportTemp3 -->
