<?xml version="1.0" encoding="UTF-8"?>
<!-- Generated by org.testng.reporters.JUnitReportReporter -->
<testsuite hostname="INBENKARSELVAN1" failures="0" tests="1" name="extentReporting.reports.ExtentReportTemp4" time="4.508" errors="0" timestamp="2022-06-02T09:00:28 IST" skipped="0">
  <testcase classname="extentReporting.reports.ExtentReportTemp4" name="initialDemo_4" time="4.508"/>
  <system-out/>
</testsuite> <!-- extentReporting.reports.ExtentReportTemp4 -->
